2025-07-22T19:52:43.003338Z  INFO tailwindcss_oxide::scanner: Provided sources:
2025-07-22T19:52:43.003713Z  INFO tailwindcss_oxide::scanner: Source: PublicSourceEntry { base: "/home/kali/Desktop/Docker/website-audit", pattern: "**/*", negated: false }
2025-07-22T19:52:43.004216Z  INFO tailwindcss_oxide::scanner: Optimized sources:
2025-07-22T19:52:43.004865Z  INFO tailwindcss_oxide::scanner: Source: Auto { base: "/home/kali/Desktop/Docker/website-audit" }
2025-07-22T19:52:43.007452Z  INFO scan_sources: tailwindcss_oxide::scanner: enter
2025-07-22T19:52:43.009524Z  INFO scan_sources: tailwindcss_oxide::scanner: Discovering "/home/kali/Desktop/Docker/website-audit/package.json"
2025-07-22T19:52:43.010066Z  INFO scan_sources: tailwindcss_oxide::scanner: Discovering "/home/kali/Desktop/Docker/website-audit/drizzle.config.ts"
2025-07-22T19:52:43.010678Z  INFO scan_sources: tailwindcss_oxide::scanner: Discovering "/home/kali/Desktop/Docker/website-audit/lib"
2025-07-22T19:52:43.011003Z  INFO scan_sources: tailwindcss_oxide::scanner: Discovering "/home/kali/Desktop/Docker/website-audit/lib/auth"
2025-07-22T19:52:43.011817Z  INFO scan_sources: tailwindcss_oxide::scanner: Discovering "/home/kali/Desktop/Docker/website-audit/lib/auth/getSession.ts"
2025-07-22T19:52:43.012129Z  INFO scan_sources: tailwindcss_oxide::scanner: Discovering "/home/kali/Desktop/Docker/website-audit/lib/auth/auth-client.ts"
2025-07-22T19:52:43.012197Z  INFO scan_sources: tailwindcss_oxide::scanner: Discovering "/home/kali/Desktop/Docker/website-audit/lib/auth/auth.ts"
2025-07-22T19:52:43.012314Z  INFO scan_sources: tailwindcss_oxide::scanner: Discovering "/home/kali/Desktop/Docker/website-audit/lib/cleanMarkdown.ts"
2025-07-22T19:52:43.012426Z  INFO scan_sources: tailwindcss_oxide::scanner: Discovering "/home/kali/Desktop/Docker/website-audit/lib/utils.ts"
2025-07-22T19:52:43.012552Z  INFO scan_sources: tailwindcss_oxide::scanner: Discovering "/home/kali/Desktop/Docker/website-audit/lib/prompts.ts"
2025-07-22T19:52:43.012640Z  INFO scan_sources: tailwindcss_oxide::scanner: Discovering "/home/kali/Desktop/Docker/website-audit/lib/generatePdf.ts"
2025-07-22T19:52:43.012769Z  INFO scan_sources: tailwindcss_oxide::scanner: Discovering "/home/kali/Desktop/Docker/website-audit/next.config.ts"
2025-07-22T19:52:43.012918Z  INFO scan_sources: tailwindcss_oxide::scanner: Discovering "/home/kali/Desktop/Docker/website-audit/README.md"
2025-07-22T19:52:43.013685Z  INFO scan_sources: tailwindcss_oxide::scanner: Discovering "/home/kali/Desktop/Docker/website-audit/app"
2025-07-22T19:52:43.014022Z  INFO scan_sources: tailwindcss_oxide::scanner: Discovering "/home/kali/Desktop/Docker/website-audit/app/globals.css"
2025-07-22T19:52:43.014246Z  INFO scan_sources: tailwindcss_oxide::scanner: Discovering "/home/kali/Desktop/Docker/website-audit/app/not-found.tsx"
2025-07-22T19:52:43.014691Z  INFO scan_sources: tailwindcss_oxide::scanner: Discovering "/home/kali/Desktop/Docker/website-audit/app/loading.tsx"
2025-07-22T19:52:43.014777Z  INFO scan_sources: tailwindcss_oxide::scanner: Discovering "/home/kali/Desktop/Docker/website-audit/app/layout.tsx"
2025-07-22T19:52:43.015056Z  INFO scan_sources: tailwindcss_oxide::scanner: Discovering "/home/kali/Desktop/Docker/website-audit/app/audit"
2025-07-22T19:52:43.015189Z  INFO scan_sources: tailwindcss_oxide::scanner: Discovering "/home/kali/Desktop/Docker/website-audit/app/audit/loading.tsx"
2025-07-22T19:52:43.015357Z  INFO scan_sources: tailwindcss_oxide::scanner: Discovering "/home/kali/Desktop/Docker/website-audit/app/audit/[auditId]"
2025-07-22T19:52:43.015534Z  INFO scan_sources: tailwindcss_oxide::scanner: Discovering "/home/kali/Desktop/Docker/website-audit/app/audit/[auditId]/loading.tsx"
2025-07-22T19:52:43.015672Z  INFO scan_sources: tailwindcss_oxide::scanner: Discovering "/home/kali/Desktop/Docker/website-audit/app/audit/[auditId]/page.tsx"
2025-07-22T19:52:43.015875Z  INFO scan_sources: tailwindcss_oxide::scanner: Discovering "/home/kali/Desktop/Docker/website-audit/app/audit/page.tsx"
2025-07-22T19:52:43.016018Z  INFO scan_sources: tailwindcss_oxide::scanner: Discovering "/home/kali/Desktop/Docker/website-audit/app/markdown.css"
2025-07-22T19:52:43.016304Z  INFO scan_sources: tailwindcss_oxide::scanner: Discovering "/home/kali/Desktop/Docker/website-audit/app/api"
2025-07-22T19:52:43.016740Z  INFO scan_sources: tailwindcss_oxide::scanner: Discovering "/home/kali/Desktop/Docker/website-audit/app/api/auth"
2025-07-22T19:52:43.017404Z  INFO scan_sources: tailwindcss_oxide::scanner: Discovering "/home/kali/Desktop/Docker/website-audit/app/api/auth/[...better-auth]"
2025-07-22T19:52:43.017821Z  INFO scan_sources: tailwindcss_oxide::scanner: Discovering "/home/kali/Desktop/Docker/website-audit/app/api/auth/[...better-auth]/route.ts"
2025-07-22T19:52:43.017868Z  INFO scan_sources: tailwindcss_oxide::scanner: Discovering "/home/kali/Desktop/Docker/website-audit/app/api/send-email"
2025-07-22T19:52:43.017896Z  INFO scan_sources: tailwindcss_oxide::scanner: Discovering "/home/kali/Desktop/Docker/website-audit/app/api/send-email/route.ts"
2025-07-22T19:52:43.017929Z  INFO scan_sources: tailwindcss_oxide::scanner: Discovering "/home/kali/Desktop/Docker/website-audit/app/page.tsx"
2025-07-22T19:52:43.017960Z  INFO scan_sources: tailwindcss_oxide::scanner: Discovering "/home/kali/Desktop/Docker/website-audit/tsconfig.json"
2025-07-22T19:52:43.017979Z  INFO scan_sources: tailwindcss_oxide::scanner: Discovering "/home/kali/Desktop/Docker/website-audit/public"
2025-07-22T19:52:43.018010Z  INFO scan_sources: tailwindcss_oxide::scanner: Discovering "/home/kali/Desktop/Docker/website-audit/public/vercel.svg"
2025-07-22T19:52:43.018024Z  INFO scan_sources: tailwindcss_oxide::scanner: Discovering "/home/kali/Desktop/Docker/website-audit/public/next.svg"
2025-07-22T19:52:43.018044Z  INFO scan_sources: tailwindcss_oxide::scanner: Discovering "/home/kali/Desktop/Docker/website-audit/config"
2025-07-22T19:52:43.018410Z  INFO scan_sources: tailwindcss_oxide::scanner: Discovering "/home/kali/Desktop/Docker/website-audit/config/site.ts"
2025-07-22T19:52:43.018700Z  INFO scan_sources: tailwindcss_oxide::scanner: Discovering "/home/kali/Desktop/Docker/website-audit/components"
2025-07-22T19:52:43.019013Z  INFO scan_sources: tailwindcss_oxide::scanner: Discovering "/home/kali/Desktop/Docker/website-audit/components/auth"
2025-07-22T19:52:43.019266Z  INFO scan_sources: tailwindcss_oxide::scanner: Discovering "/home/kali/Desktop/Docker/website-audit/components/auth/SignInForm.tsx"
2025-07-22T19:52:43.019451Z  INFO scan_sources: tailwindcss_oxide::scanner: Discovering "/home/kali/Desktop/Docker/website-audit/components/auth/AuthModal.tsx"
2025-07-22T19:52:43.019591Z  INFO scan_sources: tailwindcss_oxide::scanner: Discovering "/home/kali/Desktop/Docker/website-audit/components/auth/SignUpForm.tsx"
2025-07-22T19:52:43.019752Z  INFO scan_sources: tailwindcss_oxide::scanner: Discovering "/home/kali/Desktop/Docker/website-audit/components/Loading.tsx"
2025-07-22T19:52:43.019783Z  INFO scan_sources: tailwindcss_oxide::scanner: Discovering "/home/kali/Desktop/Docker/website-audit/components/layout"
2025-07-22T19:52:43.019811Z  INFO scan_sources: tailwindcss_oxide::scanner: Discovering "/home/kali/Desktop/Docker/website-audit/components/layout/AuthButtons.tsx"
2025-07-22T19:52:43.019824Z  INFO scan_sources: tailwindcss_oxide::scanner: Discovering "/home/kali/Desktop/Docker/website-audit/components/layout/ConfigTray.tsx"
2025-07-22T19:52:43.019838Z  INFO scan_sources: tailwindcss_oxide::scanner: Discovering "/home/kali/Desktop/Docker/website-audit/components/layout/UserMenu.tsx"
2025-07-22T19:52:43.019851Z  INFO scan_sources: tailwindcss_oxide::scanner: Discovering "/home/kali/Desktop/Docker/website-audit/components/layout/AuditProgress.tsx"
2025-07-22T19:52:43.019864Z  INFO scan_sources: tailwindcss_oxide::scanner: Discovering "/home/kali/Desktop/Docker/website-audit/components/layout/ConfigTrayClient.tsx"
2025-07-22T19:52:43.019883Z  INFO scan_sources: tailwindcss_oxide::scanner: Discovering "/home/kali/Desktop/Docker/website-audit/components/ui"
2025-07-22T19:52:43.020484Z  INFO scan_sources: tailwindcss_oxide::scanner: Discovering "/home/kali/Desktop/Docker/website-audit/components/ui/world-map.tsx"
2025-07-22T19:52:43.020757Z  INFO scan_sources: tailwindcss_oxide::scanner: Discovering "/home/kali/Desktop/Docker/website-audit/components/ui/form.tsx"
2025-07-22T19:52:43.020986Z  INFO scan_sources: tailwindcss_oxide::scanner: Discovering "/home/kali/Desktop/Docker/website-audit/components/ui/progress.tsx"
2025-07-22T19:52:43.021069Z  INFO scan_sources: tailwindcss_oxide::scanner: Discovering "/home/kali/Desktop/Docker/website-audit/components/ui/button.tsx"
2025-07-22T19:52:43.021331Z  INFO scan_sources: tailwindcss_oxide::scanner: Discovering "/home/kali/Desktop/Docker/website-audit/components/ui/sonner.tsx"
2025-07-22T19:52:43.022004Z  INFO scan_sources: tailwindcss_oxide::scanner: Discovering "/home/kali/Desktop/Docker/website-audit/components/ui/dropdown-menu.tsx"
2025-07-22T19:52:43.022035Z  INFO scan_sources: tailwindcss_oxide::scanner: Discovering "/home/kali/Desktop/Docker/website-audit/components/ui/tabs.tsx"
2025-07-22T19:52:43.022052Z  INFO scan_sources: tailwindcss_oxide::scanner: Discovering "/home/kali/Desktop/Docker/website-audit/components/ui/alert.tsx"
2025-07-22T19:52:43.022072Z  INFO scan_sources: tailwindcss_oxide::scanner: Discovering "/home/kali/Desktop/Docker/website-audit/components/ui/input.tsx"
2025-07-22T19:52:43.022087Z  INFO scan_sources: tailwindcss_oxide::scanner: Discovering "/home/kali/Desktop/Docker/website-audit/components/ui/card.tsx"
2025-07-22T19:52:43.022104Z  INFO scan_sources: tailwindcss_oxide::scanner: Discovering "/home/kali/Desktop/Docker/website-audit/components/ui/separator.tsx"
2025-07-22T19:52:43.022119Z  INFO scan_sources: tailwindcss_oxide::scanner: Discovering "/home/kali/Desktop/Docker/website-audit/components/ui/table.tsx"
2025-07-22T19:52:43.022134Z  INFO scan_sources: tailwindcss_oxide::scanner: Discovering "/home/kali/Desktop/Docker/website-audit/components/ui/label.tsx"
2025-07-22T19:52:43.022151Z  INFO scan_sources: tailwindcss_oxide::scanner: Discovering "/home/kali/Desktop/Docker/website-audit/components/ui/avatar.tsx"
2025-07-22T19:52:43.022169Z  INFO scan_sources: tailwindcss_oxide::scanner: Discovering "/home/kali/Desktop/Docker/website-audit/components/ui/badge.tsx"
2025-07-22T19:52:43.022185Z  INFO scan_sources: tailwindcss_oxide::scanner: Discovering "/home/kali/Desktop/Docker/website-audit/components/ui/dialog.tsx"
2025-07-22T19:52:43.022258Z  INFO scan_sources: tailwindcss_oxide::scanner: Discovering "/home/kali/Desktop/Docker/website-audit/components/home"
2025-07-22T19:52:43.022328Z  INFO scan_sources: tailwindcss_oxide::scanner: Discovering "/home/kali/Desktop/Docker/website-audit/components/home/UrlSubmissionForm.tsx"
2025-07-22T19:52:43.022343Z  INFO scan_sources: tailwindcss_oxide::scanner: Discovering "/home/kali/Desktop/Docker/website-audit/components/home/HeroSection.tsx"
2025-07-22T19:52:43.022363Z  INFO scan_sources: tailwindcss_oxide::scanner: Discovering "/home/kali/Desktop/Docker/website-audit/components/audit"
2025-07-22T19:52:43.022391Z  INFO scan_sources: tailwindcss_oxide::scanner: Discovering "/home/kali/Desktop/Docker/website-audit/components/audit/AnalysisLoader.tsx"
2025-07-22T19:52:43.022413Z  INFO scan_sources: tailwindcss_oxide::scanner: Discovering "/home/kali/Desktop/Docker/website-audit/components/audit/AuditResults.tsx"
2025-07-22T19:52:43.025006Z  INFO scan_sources: tailwindcss_oxide::scanner: Discovering "/home/kali/Desktop/Docker/website-audit/components/audit/ContentActions.tsx"
2025-07-22T19:52:43.025105Z  INFO scan_sources: tailwindcss_oxide::scanner: Discovering "/home/kali/Desktop/Docker/website-audit/components/audit/AuditCard.tsx"
2025-07-22T19:52:43.025155Z  INFO scan_sources: tailwindcss_oxide::scanner: Discovering "/home/kali/Desktop/Docker/website-audit/components/emails"
2025-07-22T19:52:43.025201Z  INFO scan_sources: tailwindcss_oxide::scanner: Discovering "/home/kali/Desktop/Docker/website-audit/components/emails/verify-email.tsx"
2025-07-22T19:52:43.025238Z  INFO scan_sources: tailwindcss_oxide::scanner: Discovering "/home/kali/Desktop/Docker/website-audit/appspec.yml"
2025-07-22T19:52:43.025319Z  INFO scan_sources: tailwindcss_oxide::scanner: Discovering "/home/kali/Desktop/Docker/website-audit/terraform"
2025-07-22T19:52:43.025354Z  INFO scan_sources: tailwindcss_oxide::scanner: Discovering "/home/kali/Desktop/Docker/website-audit/terraform/user_data.sh"
2025-07-22T19:52:43.025431Z  INFO scan_sources: tailwindcss_oxide::scanner: Discovering "/home/kali/Desktop/Docker/website-audit/terraform/main.tf"
2025-07-22T19:52:43.025511Z  INFO scan_sources: tailwindcss_oxide::scanner: Discovering "/home/kali/Desktop/Docker/website-audit/ecosystem.config.js"
2025-07-22T19:52:43.025532Z  INFO scan_sources: tailwindcss_oxide::scanner: Discovering "/home/kali/Desktop/Docker/website-audit/drizzle"
2025-07-22T19:52:43.025574Z  INFO scan_sources: tailwindcss_oxide::scanner: Discovering "/home/kali/Desktop/Docker/website-audit/drizzle/0000_closed_shard.sql"
2025-07-22T19:52:43.025590Z  INFO scan_sources: tailwindcss_oxide::scanner: Discovering "/home/kali/Desktop/Docker/website-audit/drizzle/meta"
2025-07-22T19:52:43.025627Z  INFO scan_sources: tailwindcss_oxide::scanner: Discovering "/home/kali/Desktop/Docker/website-audit/drizzle/meta/_journal.json"
2025-07-22T19:52:43.025645Z  INFO scan_sources: tailwindcss_oxide::scanner: Discovering "/home/kali/Desktop/Docker/website-audit/drizzle/meta/0002_snapshot.json"
2025-07-22T19:52:43.025660Z  INFO scan_sources: tailwindcss_oxide::scanner: Discovering "/home/kali/Desktop/Docker/website-audit/drizzle/meta/0001_snapshot.json"
2025-07-22T19:52:43.025674Z  INFO scan_sources: tailwindcss_oxide::scanner: Discovering "/home/kali/Desktop/Docker/website-audit/drizzle/meta/0000_snapshot.json"
2025-07-22T19:52:43.025690Z  INFO scan_sources: tailwindcss_oxide::scanner: Discovering "/home/kali/Desktop/Docker/website-audit/drizzle/0002_lame_karnak.sql"
2025-07-22T19:52:43.025701Z  INFO scan_sources: tailwindcss_oxide::scanner: Discovering "/home/kali/Desktop/Docker/website-audit/drizzle/0001_solid_mad_thinker.sql"
2025-07-22T19:52:43.025721Z  INFO scan_sources: tailwindcss_oxide::scanner: Discovering "/home/kali/Desktop/Docker/website-audit/db"
2025-07-22T19:52:43.025745Z  INFO scan_sources: tailwindcss_oxide::scanner: Discovering "/home/kali/Desktop/Docker/website-audit/db/index.ts"
2025-07-22T19:52:43.025761Z  INFO scan_sources: tailwindcss_oxide::scanner: Discovering "/home/kali/Desktop/Docker/website-audit/db/schema"
2025-07-22T19:52:43.025787Z  INFO scan_sources: tailwindcss_oxide::scanner: Discovering "/home/kali/Desktop/Docker/website-audit/db/schema/index.ts"
2025-07-22T19:52:43.025801Z  INFO scan_sources: tailwindcss_oxide::scanner: Discovering "/home/kali/Desktop/Docker/website-audit/db/schema/schema-define.ts"
2025-07-22T19:52:43.025812Z  INFO scan_sources: tailwindcss_oxide::scanner: Discovering "/home/kali/Desktop/Docker/website-audit/db/schema/users.ts"
2025-07-22T19:52:43.025824Z  INFO scan_sources: tailwindcss_oxide::scanner: Discovering "/home/kali/Desktop/Docker/website-audit/db/schema/audits.ts"
2025-07-22T19:52:43.025846Z  INFO scan_sources: tailwindcss_oxide::scanner: Discovering "/home/kali/Desktop/Docker/website-audit/actions"
2025-07-22T19:52:43.025871Z  INFO scan_sources: tailwindcss_oxide::scanner: Discovering "/home/kali/Desktop/Docker/website-audit/actions/generateContent.ts"
2025-07-22T19:52:43.025889Z  INFO scan_sources: tailwindcss_oxide::scanner: Discovering "/home/kali/Desktop/Docker/website-audit/actions/crawl.ts"
2025-07-22T19:52:43.025901Z  INFO scan_sources: tailwindcss_oxide::scanner: Discovering "/home/kali/Desktop/Docker/website-audit/actions/auditActions.ts"
2025-07-22T19:52:43.025913Z  INFO scan_sources: tailwindcss_oxide::scanner: Discovering "/home/kali/Desktop/Docker/website-audit/actions/userActions.ts"
2025-07-22T19:52:43.025934Z  INFO scan_sources: tailwindcss_oxide::scanner: Discovering "/home/kali/Desktop/Docker/website-audit/scripts"
2025-07-22T19:52:43.025957Z  INFO scan_sources: tailwindcss_oxide::scanner: Discovering "/home/kali/Desktop/Docker/website-audit/scripts/deploy.sh"
2025-07-22T19:52:43.025977Z  INFO scan_sources: tailwindcss_oxide::scanner: Discovering "/home/kali/Desktop/Docker/website-audit/scripts/deploy_old.sh"
2025-07-22T19:52:43.025991Z  INFO scan_sources: tailwindcss_oxide::scanner: Discovering "/home/kali/Desktop/Docker/website-audit/appspec_old.yml"
2025-07-22T19:52:43.026036Z  INFO scan_sources: tailwindcss_oxide::scanner: Discovering "/home/kali/Desktop/Docker/website-audit/components.json"
2025-07-22T19:52:43.026069Z  INFO scan_sources: tailwindcss_oxide::scanner: Discovering "/home/kali/Desktop/Docker/website-audit/postcss.config.mjs"
2025-07-22T19:52:43.026147Z  INFO scan_sources: tailwindcss_oxide::scanner: exit
2025-07-22T19:52:43.026156Z  INFO extract_candidates: tailwindcss_oxide::scanner: enter
2025-07-22T19:52:43.026174Z  INFO extract_candidates:read_all_files: tailwindcss_oxide::scanner: enter
2025-07-22T19:52:43.026178Z  INFO extract_candidates:read_all_files: tailwindcss_oxide::scanner: Reading 82 file(s)
2025-07-22T19:52:43.027293Z  INFO tailwindcss_oxide::scanner: Reading "/home/kali/Desktop/Docker/website-audit/components/ui/alert.tsx"
2025-07-22T19:52:43.027333Z  INFO tailwindcss_oxide::scanner: Reading "/home/kali/Desktop/Docker/website-audit/components/ui/input.tsx"
2025-07-22T19:52:43.027345Z  INFO tailwindcss_oxide::scanner: Reading "/home/kali/Desktop/Docker/website-audit/components/ui/card.tsx"
2025-07-22T19:52:43.027354Z  INFO tailwindcss_oxide::scanner: Reading "/home/kali/Desktop/Docker/website-audit/components/ui/separator.tsx"
2025-07-22T19:52:43.027365Z  INFO tailwindcss_oxide::scanner: Reading "/home/kali/Desktop/Docker/website-audit/components/ui/table.tsx"
2025-07-22T19:52:43.027374Z  INFO tailwindcss_oxide::scanner: Reading "/home/kali/Desktop/Docker/website-audit/components/ui/label.tsx"
2025-07-22T19:52:43.027385Z  INFO tailwindcss_oxide::scanner: Reading "/home/kali/Desktop/Docker/website-audit/components/ui/avatar.tsx"
2025-07-22T19:52:43.027394Z  INFO tailwindcss_oxide::scanner: Reading "/home/kali/Desktop/Docker/website-audit/components/ui/badge.tsx"
2025-07-22T19:52:43.027404Z  INFO tailwindcss_oxide::scanner: Reading "/home/kali/Desktop/Docker/website-audit/components/ui/dialog.tsx"
2025-07-22T19:52:43.027414Z  INFO tailwindcss_oxide::scanner: Reading "/home/kali/Desktop/Docker/website-audit/components/home/UrlSubmissionForm.tsx"
2025-07-22T19:52:43.027426Z  INFO tailwindcss_oxide::scanner: Reading "/home/kali/Desktop/Docker/website-audit/components/home/HeroSection.tsx"
2025-07-22T19:52:43.027436Z  INFO tailwindcss_oxide::scanner: Reading "/home/kali/Desktop/Docker/website-audit/components/audit/AnalysisLoader.tsx"
2025-07-22T19:52:43.027451Z  INFO tailwindcss_oxide::scanner: Reading "/home/kali/Desktop/Docker/website-audit/components/audit/AuditResults.tsx"
2025-07-22T19:52:43.027473Z  INFO tailwindcss_oxide::scanner: Reading "/home/kali/Desktop/Docker/website-audit/components/audit/ContentActions.tsx"
2025-07-22T19:52:43.027481Z  INFO tailwindcss_oxide::scanner: Reading "/home/kali/Desktop/Docker/website-audit/components/audit/AuditCard.tsx"
2025-07-22T19:52:43.027489Z  INFO tailwindcss_oxide::scanner: Reading "/home/kali/Desktop/Docker/website-audit/components/emails/verify-email.tsx"
2025-07-22T19:52:43.027497Z  INFO tailwindcss_oxide::scanner: Reading "/home/kali/Desktop/Docker/website-audit/appspec.yml"
2025-07-22T19:52:43.027506Z  INFO tailwindcss_oxide::scanner: Reading "/home/kali/Desktop/Docker/website-audit/terraform/user_data.sh"
2025-07-22T19:52:43.027517Z  INFO tailwindcss_oxide::scanner: Reading "/home/kali/Desktop/Docker/website-audit/terraform/main.tf"
2025-07-22T19:52:43.027528Z  INFO tailwindcss_oxide::scanner: Reading "/home/kali/Desktop/Docker/website-audit/ecosystem.config.js"
2025-07-22T19:52:43.027538Z  INFO tailwindcss_oxide::scanner: Reading "/home/kali/Desktop/Docker/website-audit/drizzle/0000_closed_shard.sql"
2025-07-22T19:52:43.027546Z  INFO tailwindcss_oxide::scanner: Reading "/home/kali/Desktop/Docker/website-audit/drizzle/meta/_journal.json"
2025-07-22T19:52:43.027560Z  INFO tailwindcss_oxide::scanner: Reading "/home/kali/Desktop/Docker/website-audit/drizzle/meta/0002_snapshot.json"
2025-07-22T19:52:43.027604Z  INFO tailwindcss_oxide::scanner: Reading "/home/kali/Desktop/Docker/website-audit/drizzle/meta/0001_snapshot.json"
2025-07-22T19:52:43.027635Z  INFO tailwindcss_oxide::scanner: Reading "/home/kali/Desktop/Docker/website-audit/drizzle/meta/0000_snapshot.json"
2025-07-22T19:52:43.027664Z  INFO tailwindcss_oxide::scanner: Reading "/home/kali/Desktop/Docker/website-audit/drizzle/0002_lame_karnak.sql"
2025-07-22T19:52:43.027671Z  INFO tailwindcss_oxide::scanner: Reading "/home/kali/Desktop/Docker/website-audit/drizzle/0001_solid_mad_thinker.sql"
2025-07-22T19:52:43.027680Z  INFO tailwindcss_oxide::scanner: Reading "/home/kali/Desktop/Docker/website-audit/db/index.ts"
2025-07-22T19:52:43.027688Z  INFO tailwindcss_oxide::scanner: Reading "/home/kali/Desktop/Docker/website-audit/db/schema/index.ts"
2025-07-22T19:52:43.027696Z  INFO tailwindcss_oxide::scanner: Reading "/home/kali/Desktop/Docker/website-audit/db/schema/schema-define.ts"
2025-07-22T19:52:43.027704Z  INFO tailwindcss_oxide::scanner: Reading "/home/kali/Desktop/Docker/website-audit/db/schema/users.ts"
2025-07-22T19:52:43.027712Z  INFO tailwindcss_oxide::scanner: Reading "/home/kali/Desktop/Docker/website-audit/db/schema/audits.ts"
2025-07-22T19:52:43.027720Z  INFO tailwindcss_oxide::scanner: Reading "/home/kali/Desktop/Docker/website-audit/actions/generateContent.ts"
2025-07-22T19:52:43.027728Z  INFO tailwindcss_oxide::scanner: Reading "/home/kali/Desktop/Docker/website-audit/actions/crawl.ts"
2025-07-22T19:52:43.027736Z  INFO tailwindcss_oxide::scanner: Reading "/home/kali/Desktop/Docker/website-audit/actions/auditActions.ts"
2025-07-22T19:52:43.027746Z  INFO tailwindcss_oxide::scanner: Reading "/home/kali/Desktop/Docker/website-audit/actions/userActions.ts"
2025-07-22T19:52:43.027755Z  INFO tailwindcss_oxide::scanner: Reading "/home/kali/Desktop/Docker/website-audit/scripts/deploy.sh"
2025-07-22T19:52:43.027763Z  INFO tailwindcss_oxide::scanner: Reading "/home/kali/Desktop/Docker/website-audit/scripts/deploy_old.sh"
2025-07-22T19:52:43.027772Z  INFO tailwindcss_oxide::scanner: Reading "/home/kali/Desktop/Docker/website-audit/appspec_old.yml"
2025-07-22T19:52:43.027780Z  INFO tailwindcss_oxide::scanner: Reading "/home/kali/Desktop/Docker/website-audit/components.json"
2025-07-22T19:52:43.027789Z  INFO tailwindcss_oxide::scanner: Reading "/home/kali/Desktop/Docker/website-audit/postcss.config.mjs"
2025-07-22T19:52:43.027800Z  INFO tailwindcss_oxide::scanner: Reading "/home/kali/Desktop/Docker/website-audit/app/page.tsx"
2025-07-22T19:52:43.027809Z  INFO tailwindcss_oxide::scanner: Reading "/home/kali/Desktop/Docker/website-audit/tsconfig.json"
2025-07-22T19:52:43.027819Z  INFO tailwindcss_oxide::scanner: Reading "/home/kali/Desktop/Docker/website-audit/public/vercel.svg"
2025-07-22T19:52:43.027828Z  INFO tailwindcss_oxide::scanner: Reading "/home/kali/Desktop/Docker/website-audit/public/next.svg"
2025-07-22T19:52:43.027837Z  INFO tailwindcss_oxide::scanner: Reading "/home/kali/Desktop/Docker/website-audit/config/site.ts"
2025-07-22T19:52:43.027848Z  INFO tailwindcss_oxide::scanner: Reading "/home/kali/Desktop/Docker/website-audit/components/auth/SignInForm.tsx"
2025-07-22T19:52:43.027859Z  INFO tailwindcss_oxide::scanner: Reading "/home/kali/Desktop/Docker/website-audit/components/auth/AuthModal.tsx"
2025-07-22T19:52:43.027874Z  INFO tailwindcss_oxide::scanner: Reading "/home/kali/Desktop/Docker/website-audit/components/auth/SignUpForm.tsx"
2025-07-22T19:52:43.027887Z  INFO tailwindcss_oxide::scanner: Reading "/home/kali/Desktop/Docker/website-audit/components/Loading.tsx"
2025-07-22T19:52:43.027898Z  INFO tailwindcss_oxide::scanner: Reading "/home/kali/Desktop/Docker/website-audit/components/layout/AuthButtons.tsx"
2025-07-22T19:52:43.027906Z  INFO tailwindcss_oxide::scanner: Reading "/home/kali/Desktop/Docker/website-audit/components/layout/ConfigTray.tsx"
2025-07-22T19:52:43.027914Z  INFO tailwindcss_oxide::scanner: Reading "/home/kali/Desktop/Docker/website-audit/components/layout/UserMenu.tsx"
2025-07-22T19:52:43.027926Z  INFO tailwindcss_oxide::scanner: Reading "/home/kali/Desktop/Docker/website-audit/components/layout/AuditProgress.tsx"
2025-07-22T19:52:43.027939Z  INFO tailwindcss_oxide::scanner: Reading "/home/kali/Desktop/Docker/website-audit/components/layout/ConfigTrayClient.tsx"
2025-07-22T19:52:43.027951Z  INFO tailwindcss_oxide::scanner: Reading "/home/kali/Desktop/Docker/website-audit/components/ui/world-map.tsx"
2025-07-22T19:52:43.027962Z  INFO tailwindcss_oxide::scanner: Reading "/home/kali/Desktop/Docker/website-audit/components/ui/form.tsx"
2025-07-22T19:52:43.027974Z  INFO tailwindcss_oxide::scanner: Reading "/home/kali/Desktop/Docker/website-audit/components/ui/progress.tsx"
2025-07-22T19:52:43.027983Z  INFO tailwindcss_oxide::scanner: Reading "/home/kali/Desktop/Docker/website-audit/components/ui/button.tsx"
2025-07-22T19:52:43.027994Z  INFO tailwindcss_oxide::scanner: Reading "/home/kali/Desktop/Docker/website-audit/components/ui/sonner.tsx"
2025-07-22T19:52:43.028008Z  INFO tailwindcss_oxide::scanner: Reading "/home/kali/Desktop/Docker/website-audit/components/ui/dropdown-menu.tsx"
2025-07-22T19:52:43.028021Z  INFO tailwindcss_oxide::scanner: Reading "/home/kali/Desktop/Docker/website-audit/components/ui/tabs.tsx"
2025-07-22T19:52:43.028031Z  INFO tailwindcss_oxide::scanner: Reading "/home/kali/Desktop/Docker/website-audit/README.md"
2025-07-22T19:52:43.028041Z  INFO tailwindcss_oxide::scanner: Reading "/home/kali/Desktop/Docker/website-audit/app/not-found.tsx"
2025-07-22T19:52:43.028049Z  INFO tailwindcss_oxide::scanner: Reading "/home/kali/Desktop/Docker/website-audit/app/loading.tsx"
2025-07-22T19:52:43.028056Z  INFO tailwindcss_oxide::scanner: Reading "/home/kali/Desktop/Docker/website-audit/app/layout.tsx"
2025-07-22T19:52:43.028064Z  INFO tailwindcss_oxide::scanner: Reading "/home/kali/Desktop/Docker/website-audit/app/audit/loading.tsx"
2025-07-22T19:52:43.028073Z  INFO tailwindcss_oxide::scanner: Reading "/home/kali/Desktop/Docker/website-audit/app/audit/[auditId]/loading.tsx"
2025-07-22T19:52:43.028082Z  INFO tailwindcss_oxide::scanner: Reading "/home/kali/Desktop/Docker/website-audit/app/audit/[auditId]/page.tsx"
2025-07-22T19:52:43.028091Z  INFO tailwindcss_oxide::scanner: Reading "/home/kali/Desktop/Docker/website-audit/app/audit/page.tsx"
2025-07-22T19:52:43.028101Z  INFO tailwindcss_oxide::scanner: Reading "/home/kali/Desktop/Docker/website-audit/app/api/auth/[...better-auth]/route.ts"
2025-07-22T19:52:43.028113Z  INFO tailwindcss_oxide::scanner: Reading "/home/kali/Desktop/Docker/website-audit/app/api/send-email/route.ts"
2025-07-22T19:52:43.028126Z  INFO tailwindcss_oxide::scanner: Reading "/home/kali/Desktop/Docker/website-audit/lib/cleanMarkdown.ts"
2025-07-22T19:52:43.028134Z  INFO tailwindcss_oxide::scanner: Reading "/home/kali/Desktop/Docker/website-audit/lib/utils.ts"
2025-07-22T19:52:43.028147Z  INFO tailwindcss_oxide::scanner: Reading "/home/kali/Desktop/Docker/website-audit/lib/prompts.ts"
2025-07-22T19:52:43.028161Z  INFO tailwindcss_oxide::scanner: Reading "/home/kali/Desktop/Docker/website-audit/lib/generatePdf.ts"
2025-07-22T19:52:43.028172Z  INFO tailwindcss_oxide::scanner: Reading "/home/kali/Desktop/Docker/website-audit/next.config.ts"
2025-07-22T19:52:43.028182Z  INFO tailwindcss_oxide::scanner: Reading "/home/kali/Desktop/Docker/website-audit/lib/auth/getSession.ts"
2025-07-22T19:52:43.028190Z  INFO tailwindcss_oxide::scanner: Reading "/home/kali/Desktop/Docker/website-audit/lib/auth/auth-client.ts"
2025-07-22T19:52:43.028198Z  INFO tailwindcss_oxide::scanner: Reading "/home/kali/Desktop/Docker/website-audit/lib/auth/auth.ts"
2025-07-22T19:52:43.028727Z  INFO tailwindcss_oxide::scanner: Reading "/home/kali/Desktop/Docker/website-audit/package.json"
2025-07-22T19:52:43.028760Z  INFO tailwindcss_oxide::scanner: Reading "/home/kali/Desktop/Docker/website-audit/drizzle.config.ts"
2025-07-22T19:52:43.029068Z  INFO extract_candidates:read_all_files: tailwindcss_oxide::scanner: exit
2025-07-22T19:52:43.029089Z  INFO extract_candidates:parse_all_blobs: tailwindcss_oxide::scanner: enter
2025-07-22T19:52:43.029093Z  INFO extract_candidates:parse_all_blobs:extract: tailwindcss_oxide::scanner: enter
2025-07-22T19:52:43.035542Z  INFO extract_candidates:parse_all_blobs:extract: tailwindcss_oxide::scanner: exit
2025-07-22T19:52:43.035920Z  INFO extract_candidates:parse_all_blobs: tailwindcss_oxide::scanner: exit
2025-07-22T19:52:43.036086Z  INFO extract_candidates:read_all_files: tailwindcss_oxide::scanner: enter
2025-07-22T19:52:43.036305Z  INFO extract_candidates:read_all_files: tailwindcss_oxide::scanner: Reading 2 file(s)
2025-07-22T19:52:43.036376Z  INFO tailwindcss_oxide::scanner: Reading "/home/kali/Desktop/Docker/website-audit/app/globals.css"
2025-07-22T19:52:43.036395Z  INFO tailwindcss_oxide::scanner: Reading "/home/kali/Desktop/Docker/website-audit/app/markdown.css"
2025-07-22T19:52:43.036678Z  INFO extract_candidates:read_all_files: tailwindcss_oxide::scanner: exit
2025-07-22T19:52:43.036688Z  INFO extract_candidates:extract_css_variables: tailwindcss_oxide::scanner: enter
2025-07-22T19:52:43.036693Z  INFO extract_candidates:extract_css_variables:extract: tailwindcss_oxide::scanner: enter
2025-07-22T19:52:43.037200Z  INFO extract_candidates:extract_css_variables:extract: tailwindcss_oxide::scanner: exit
2025-07-22T19:52:43.037223Z  INFO extract_candidates:extract_css_variables: tailwindcss_oxide::scanner: exit
2025-07-22T19:52:43.038408Z  INFO extract_candidates: tailwindcss_oxide::scanner: exit
2025-07-22T19:52:43.039975Z  INFO get_files: tailwindcss_oxide::scanner: enter
2025-07-22T19:52:43.040366Z  INFO get_files:scan_sources: tailwindcss_oxide::scanner: enter
2025-07-22T19:52:43.041563Z  INFO get_files:scan_sources: tailwindcss_oxide::scanner: Discovering "/home/kali/Desktop/Docker/website-audit/lib"
2025-07-22T19:52:43.041719Z  INFO get_files:scan_sources: tailwindcss_oxide::scanner: Discovering "/home/kali/Desktop/Docker/website-audit/lib/auth"
2025-07-22T19:52:43.042918Z  INFO get_files:scan_sources: tailwindcss_oxide::scanner: Discovering "/home/kali/Desktop/Docker/website-audit/app"
2025-07-22T19:52:43.043020Z  INFO get_files:scan_sources: tailwindcss_oxide::scanner: Discovering "/home/kali/Desktop/Docker/website-audit/app/audit"
2025-07-22T19:52:43.043058Z  INFO get_files:scan_sources: tailwindcss_oxide::scanner: Discovering "/home/kali/Desktop/Docker/website-audit/app/audit/[auditId]"
2025-07-22T19:52:43.043112Z  INFO get_files:scan_sources: tailwindcss_oxide::scanner: Discovering "/home/kali/Desktop/Docker/website-audit/app/api"
2025-07-22T19:52:43.043144Z  INFO get_files:scan_sources: tailwindcss_oxide::scanner: Discovering "/home/kali/Desktop/Docker/website-audit/app/api/auth"
2025-07-22T19:52:43.043172Z  INFO get_files:scan_sources: tailwindcss_oxide::scanner: Discovering "/home/kali/Desktop/Docker/website-audit/app/api/auth/[...better-auth]"
2025-07-22T19:52:43.043213Z  INFO get_files:scan_sources: tailwindcss_oxide::scanner: Discovering "/home/kali/Desktop/Docker/website-audit/app/api/send-email"
2025-07-22T19:52:43.043278Z  INFO get_files:scan_sources: tailwindcss_oxide::scanner: Discovering "/home/kali/Desktop/Docker/website-audit/public"
2025-07-22T19:52:43.043322Z  INFO get_files:scan_sources: tailwindcss_oxide::scanner: Discovering "/home/kali/Desktop/Docker/website-audit/config"
2025-07-22T19:52:43.043353Z  INFO get_files:scan_sources: tailwindcss_oxide::scanner: Discovering "/home/kali/Desktop/Docker/website-audit/components"
2025-07-22T19:52:43.043396Z  INFO get_files:scan_sources: tailwindcss_oxide::scanner: Discovering "/home/kali/Desktop/Docker/website-audit/components/auth"
2025-07-22T19:52:43.043445Z  INFO get_files:scan_sources: tailwindcss_oxide::scanner: Discovering "/home/kali/Desktop/Docker/website-audit/components/layout"
2025-07-22T19:52:43.043588Z  INFO get_files:scan_sources: tailwindcss_oxide::scanner: Discovering "/home/kali/Desktop/Docker/website-audit/components/ui"
2025-07-22T19:52:43.043761Z  INFO get_files:scan_sources: tailwindcss_oxide::scanner: Discovering "/home/kali/Desktop/Docker/website-audit/components/home"
2025-07-22T19:52:43.043854Z  INFO get_files:scan_sources: tailwindcss_oxide::scanner: Discovering "/home/kali/Desktop/Docker/website-audit/components/audit"
2025-07-22T19:52:43.043932Z  INFO get_files:scan_sources: tailwindcss_oxide::scanner: Discovering "/home/kali/Desktop/Docker/website-audit/components/emails"
2025-07-22T19:52:43.044013Z  INFO get_files:scan_sources: tailwindcss_oxide::scanner: Discovering "/home/kali/Desktop/Docker/website-audit/terraform"
2025-07-22T19:52:43.044220Z  INFO get_files:scan_sources: tailwindcss_oxide::scanner: Discovering "/home/kali/Desktop/Docker/website-audit/drizzle"
2025-07-22T19:52:43.044265Z  INFO get_files:scan_sources: tailwindcss_oxide::scanner: Discovering "/home/kali/Desktop/Docker/website-audit/drizzle/meta"
2025-07-22T19:52:43.044372Z  INFO get_files:scan_sources: tailwindcss_oxide::scanner: Discovering "/home/kali/Desktop/Docker/website-audit/db"
2025-07-22T19:52:43.044417Z  INFO get_files:scan_sources: tailwindcss_oxide::scanner: Discovering "/home/kali/Desktop/Docker/website-audit/db/schema"
2025-07-22T19:52:43.044478Z  INFO get_files:scan_sources: tailwindcss_oxide::scanner: Discovering "/home/kali/Desktop/Docker/website-audit/actions"
2025-07-22T19:52:43.044536Z  INFO get_files:scan_sources: tailwindcss_oxide::scanner: Discovering "/home/kali/Desktop/Docker/website-audit/scripts"
2025-07-22T19:52:43.044728Z  INFO get_files:scan_sources: tailwindcss_oxide::scanner: exit
2025-07-22T19:52:43.046818Z  INFO get_files: tailwindcss_oxide::scanner: exit
2025-07-22T19:52:43.047605Z  INFO get_globs: tailwindcss_oxide::scanner: enter
2025-07-22T19:52:43.048380Z  INFO get_globs:scan_sources: tailwindcss_oxide::scanner: enter
2025-07-22T19:52:43.049689Z  INFO get_globs:scan_sources: tailwindcss_oxide::scanner: Discovering "/home/kali/Desktop/Docker/website-audit/lib"
2025-07-22T19:52:43.049763Z  INFO get_globs:scan_sources: tailwindcss_oxide::scanner: Discovering "/home/kali/Desktop/Docker/website-audit/lib/auth"
2025-07-22T19:52:43.049949Z  INFO get_globs:scan_sources: tailwindcss_oxide::scanner: Discovering "/home/kali/Desktop/Docker/website-audit/app"
2025-07-22T19:52:43.050013Z  INFO get_globs:scan_sources: tailwindcss_oxide::scanner: Discovering "/home/kali/Desktop/Docker/website-audit/app/audit"
2025-07-22T19:52:43.050049Z  INFO get_globs:scan_sources: tailwindcss_oxide::scanner: Discovering "/home/kali/Desktop/Docker/website-audit/app/audit/[auditId]"
2025-07-22T19:52:43.050112Z  INFO get_globs:scan_sources: tailwindcss_oxide::scanner: Discovering "/home/kali/Desktop/Docker/website-audit/app/api"
2025-07-22T19:52:43.050145Z  INFO get_globs:scan_sources: tailwindcss_oxide::scanner: Discovering "/home/kali/Desktop/Docker/website-audit/app/api/auth"
2025-07-22T19:52:43.050176Z  INFO get_globs:scan_sources: tailwindcss_oxide::scanner: Discovering "/home/kali/Desktop/Docker/website-audit/app/api/auth/[...better-auth]"
2025-07-22T19:52:43.050219Z  INFO get_globs:scan_sources: tailwindcss_oxide::scanner: Discovering "/home/kali/Desktop/Docker/website-audit/app/api/send-email"
2025-07-22T19:52:43.050285Z  INFO get_globs:scan_sources: tailwindcss_oxide::scanner: Discovering "/home/kali/Desktop/Docker/website-audit/public"
2025-07-22T19:52:43.050333Z  INFO get_globs:scan_sources: tailwindcss_oxide::scanner: Discovering "/home/kali/Desktop/Docker/website-audit/config"
2025-07-22T19:52:43.050368Z  INFO get_globs:scan_sources: tailwindcss_oxide::scanner: Discovering "/home/kali/Desktop/Docker/website-audit/components"
2025-07-22T19:52:43.050394Z  INFO get_globs:scan_sources: tailwindcss_oxide::scanner: Discovering "/home/kali/Desktop/Docker/website-audit/components/auth"
2025-07-22T19:52:43.055871Z  INFO get_globs:scan_sources: tailwindcss_oxide::scanner: Discovering "/home/kali/Desktop/Docker/website-audit/components/layout"
2025-07-22T19:52:43.056103Z  INFO get_globs:scan_sources: tailwindcss_oxide::scanner: Discovering "/home/kali/Desktop/Docker/website-audit/components/ui"
2025-07-22T19:52:43.056546Z  INFO get_globs:scan_sources: tailwindcss_oxide::scanner: Discovering "/home/kali/Desktop/Docker/website-audit/components/home"
2025-07-22T19:52:43.056623Z  INFO get_globs:scan_sources: tailwindcss_oxide::scanner: Discovering "/home/kali/Desktop/Docker/website-audit/components/audit"
2025-07-22T19:52:43.056695Z  INFO get_globs:scan_sources: tailwindcss_oxide::scanner: Discovering "/home/kali/Desktop/Docker/website-audit/components/emails"
2025-07-22T19:52:43.056796Z  INFO get_globs:scan_sources: tailwindcss_oxide::scanner: Discovering "/home/kali/Desktop/Docker/website-audit/terraform"
2025-07-22T19:52:43.056967Z  INFO get_globs:scan_sources: tailwindcss_oxide::scanner: Discovering "/home/kali/Desktop/Docker/website-audit/drizzle"
2025-07-22T19:52:43.057016Z  INFO get_globs:scan_sources: tailwindcss_oxide::scanner: Discovering "/home/kali/Desktop/Docker/website-audit/drizzle/meta"
2025-07-22T19:52:43.057100Z  INFO get_globs:scan_sources: tailwindcss_oxide::scanner: Discovering "/home/kali/Desktop/Docker/website-audit/db"
2025-07-22T19:52:43.057135Z  INFO get_globs:scan_sources: tailwindcss_oxide::scanner: Discovering "/home/kali/Desktop/Docker/website-audit/db/schema"
2025-07-22T19:52:43.057198Z  INFO get_globs:scan_sources: tailwindcss_oxide::scanner: Discovering "/home/kali/Desktop/Docker/website-audit/actions"
2025-07-22T19:52:43.058413Z  INFO get_globs:scan_sources: tailwindcss_oxide::scanner: Discovering "/home/kali/Desktop/Docker/website-audit/scripts"
2025-07-22T19:52:43.059117Z  INFO get_globs:scan_sources: tailwindcss_oxide::scanner: exit
2025-07-22T19:52:43.066721Z  INFO get_globs: tailwindcss_oxide::scanner: exit
2025-07-22T19:52:43.646285Z  INFO tailwindcss_oxide::scanner: Provided sources:
2025-07-22T19:52:43.646967Z  INFO tailwindcss_oxide::scanner: Source: PublicSourceEntry { base: "/home/kali/Desktop/Docker/website-audit", pattern: "**/*", negated: false }
2025-07-22T19:52:43.647309Z  INFO tailwindcss_oxide::scanner: Optimized sources:
2025-07-22T19:52:43.647523Z  INFO tailwindcss_oxide::scanner: Source: Auto { base: "/home/kali/Desktop/Docker/website-audit" }
2025-07-22T19:52:43.647812Z  INFO scan_sources: tailwindcss_oxide::scanner: enter
2025-07-22T19:52:43.649309Z  INFO scan_sources: tailwindcss_oxide::scanner: Discovering "/home/kali/Desktop/Docker/website-audit/package.json"
2025-07-22T19:52:43.649889Z  INFO scan_sources: tailwindcss_oxide::scanner: Discovering "/home/kali/Desktop/Docker/website-audit/drizzle.config.ts"
2025-07-22T19:52:43.650232Z  INFO scan_sources: tailwindcss_oxide::scanner: Discovering "/home/kali/Desktop/Docker/website-audit/lib"
2025-07-22T19:52:43.650606Z  INFO scan_sources: tailwindcss_oxide::scanner: Discovering "/home/kali/Desktop/Docker/website-audit/lib/auth"
2025-07-22T19:52:43.650964Z  INFO scan_sources: tailwindcss_oxide::scanner: Discovering "/home/kali/Desktop/Docker/website-audit/lib/auth/getSession.ts"
2025-07-22T19:52:43.651202Z  INFO scan_sources: tailwindcss_oxide::scanner: Discovering "/home/kali/Desktop/Docker/website-audit/lib/auth/auth-client.ts"
2025-07-22T19:52:43.651425Z  INFO scan_sources: tailwindcss_oxide::scanner: Discovering "/home/kali/Desktop/Docker/website-audit/lib/auth/auth.ts"
2025-07-22T19:52:43.651652Z  INFO scan_sources: tailwindcss_oxide::scanner: Discovering "/home/kali/Desktop/Docker/website-audit/lib/cleanMarkdown.ts"
2025-07-22T19:52:43.651981Z  INFO scan_sources: tailwindcss_oxide::scanner: Discovering "/home/kali/Desktop/Docker/website-audit/lib/utils.ts"
2025-07-22T19:52:43.652255Z  INFO scan_sources: tailwindcss_oxide::scanner: Discovering "/home/kali/Desktop/Docker/website-audit/lib/prompts.ts"
2025-07-22T19:52:43.652484Z  INFO scan_sources: tailwindcss_oxide::scanner: Discovering "/home/kali/Desktop/Docker/website-audit/lib/generatePdf.ts"
2025-07-22T19:52:43.652720Z  INFO scan_sources: tailwindcss_oxide::scanner: Discovering "/home/kali/Desktop/Docker/website-audit/next.config.ts"
2025-07-22T19:52:43.652962Z  INFO scan_sources: tailwindcss_oxide::scanner: Discovering "/home/kali/Desktop/Docker/website-audit/README.md"
2025-07-22T19:52:43.653203Z  INFO scan_sources: tailwindcss_oxide::scanner: Discovering "/home/kali/Desktop/Docker/website-audit/app"
2025-07-22T19:52:43.653739Z  INFO scan_sources: tailwindcss_oxide::scanner: Discovering "/home/kali/Desktop/Docker/website-audit/app/globals.css"
2025-07-22T19:52:43.654070Z  INFO scan_sources: tailwindcss_oxide::scanner: Discovering "/home/kali/Desktop/Docker/website-audit/app/not-found.tsx"
2025-07-22T19:52:43.654307Z  INFO scan_sources: tailwindcss_oxide::scanner: Discovering "/home/kali/Desktop/Docker/website-audit/app/loading.tsx"
2025-07-22T19:52:43.654503Z  INFO scan_sources: tailwindcss_oxide::scanner: Discovering "/home/kali/Desktop/Docker/website-audit/app/layout.tsx"
2025-07-22T19:52:43.654804Z  INFO scan_sources: tailwindcss_oxide::scanner: Discovering "/home/kali/Desktop/Docker/website-audit/app/audit"
2025-07-22T19:52:43.655294Z  INFO scan_sources: tailwindcss_oxide::scanner: Discovering "/home/kali/Desktop/Docker/website-audit/app/audit/loading.tsx"
2025-07-22T19:52:43.655885Z  INFO scan_sources: tailwindcss_oxide::scanner: Discovering "/home/kali/Desktop/Docker/website-audit/app/audit/[auditId]"
2025-07-22T19:52:43.656064Z  INFO scan_sources: tailwindcss_oxide::scanner: Discovering "/home/kali/Desktop/Docker/website-audit/app/audit/[auditId]/loading.tsx"
2025-07-22T19:52:43.656222Z  INFO scan_sources: tailwindcss_oxide::scanner: Discovering "/home/kali/Desktop/Docker/website-audit/app/audit/[auditId]/page.tsx"
2025-07-22T19:52:43.656466Z  INFO scan_sources: tailwindcss_oxide::scanner: Discovering "/home/kali/Desktop/Docker/website-audit/app/audit/page.tsx"
2025-07-22T19:52:43.657381Z  INFO scan_sources: tailwindcss_oxide::scanner: Discovering "/home/kali/Desktop/Docker/website-audit/app/markdown.css"
2025-07-22T19:52:43.657430Z  INFO scan_sources: tailwindcss_oxide::scanner: Discovering "/home/kali/Desktop/Docker/website-audit/app/api"
2025-07-22T19:52:43.657472Z  INFO scan_sources: tailwindcss_oxide::scanner: Discovering "/home/kali/Desktop/Docker/website-audit/app/api/auth"
2025-07-22T19:52:43.657508Z  INFO scan_sources: tailwindcss_oxide::scanner: Discovering "/home/kali/Desktop/Docker/website-audit/app/api/auth/[...better-auth]"
2025-07-22T19:52:43.657545Z  INFO scan_sources: tailwindcss_oxide::scanner: Discovering "/home/kali/Desktop/Docker/website-audit/app/api/auth/[...better-auth]/route.ts"
2025-07-22T19:52:43.657570Z  INFO scan_sources: tailwindcss_oxide::scanner: Discovering "/home/kali/Desktop/Docker/website-audit/app/api/send-email"
2025-07-22T19:52:43.657592Z  INFO scan_sources: tailwindcss_oxide::scanner: Discovering "/home/kali/Desktop/Docker/website-audit/app/api/send-email/route.ts"
2025-07-22T19:52:43.657623Z  INFO scan_sources: tailwindcss_oxide::scanner: Discovering "/home/kali/Desktop/Docker/website-audit/app/page.tsx"
2025-07-22T19:52:43.657648Z  INFO scan_sources: tailwindcss_oxide::scanner: Discovering "/home/kali/Desktop/Docker/website-audit/tsconfig.json"
2025-07-22T19:52:43.657668Z  INFO scan_sources: tailwindcss_oxide::scanner: Discovering "/home/kali/Desktop/Docker/website-audit/public"
2025-07-22T19:52:43.657699Z  INFO scan_sources: tailwindcss_oxide::scanner: Discovering "/home/kali/Desktop/Docker/website-audit/public/vercel.svg"
2025-07-22T19:52:43.657714Z  INFO scan_sources: tailwindcss_oxide::scanner: Discovering "/home/kali/Desktop/Docker/website-audit/public/next.svg"
2025-07-22T19:52:43.657736Z  INFO scan_sources: tailwindcss_oxide::scanner: Discovering "/home/kali/Desktop/Docker/website-audit/config"
2025-07-22T19:52:43.657759Z  INFO scan_sources: tailwindcss_oxide::scanner: Discovering "/home/kali/Desktop/Docker/website-audit/config/site.ts"
2025-07-22T19:52:43.657777Z  INFO scan_sources: tailwindcss_oxide::scanner: Discovering "/home/kali/Desktop/Docker/website-audit/components"
2025-07-22T19:52:43.657810Z  INFO scan_sources: tailwindcss_oxide::scanner: Discovering "/home/kali/Desktop/Docker/website-audit/components/auth"
2025-07-22T19:52:43.657836Z  INFO scan_sources: tailwindcss_oxide::scanner: Discovering "/home/kali/Desktop/Docker/website-audit/components/auth/SignInForm.tsx"
2025-07-22T19:52:43.657864Z  INFO scan_sources: tailwindcss_oxide::scanner: Discovering "/home/kali/Desktop/Docker/website-audit/components/auth/AuthModal.tsx"
2025-07-22T19:52:43.657877Z  INFO scan_sources: tailwindcss_oxide::scanner: Discovering "/home/kali/Desktop/Docker/website-audit/components/auth/SignUpForm.tsx"
2025-07-22T19:52:43.657893Z  INFO scan_sources: tailwindcss_oxide::scanner: Discovering "/home/kali/Desktop/Docker/website-audit/components/Loading.tsx"
2025-07-22T19:52:43.657910Z  INFO scan_sources: tailwindcss_oxide::scanner: Discovering "/home/kali/Desktop/Docker/website-audit/components/layout"
2025-07-22T19:52:43.657935Z  INFO scan_sources: tailwindcss_oxide::scanner: Discovering "/home/kali/Desktop/Docker/website-audit/components/layout/AuthButtons.tsx"
2025-07-22T19:52:43.657949Z  INFO scan_sources: tailwindcss_oxide::scanner: Discovering "/home/kali/Desktop/Docker/website-audit/components/layout/ConfigTray.tsx"
2025-07-22T19:52:43.657963Z  INFO scan_sources: tailwindcss_oxide::scanner: Discovering "/home/kali/Desktop/Docker/website-audit/components/layout/UserMenu.tsx"
2025-07-22T19:52:43.657976Z  INFO scan_sources: tailwindcss_oxide::scanner: Discovering "/home/kali/Desktop/Docker/website-audit/components/layout/AuditProgress.tsx"
2025-07-22T19:52:43.658006Z  INFO scan_sources: tailwindcss_oxide::scanner: Discovering "/home/kali/Desktop/Docker/website-audit/components/layout/ConfigTrayClient.tsx"
2025-07-22T19:52:43.658026Z  INFO scan_sources: tailwindcss_oxide::scanner: Discovering "/home/kali/Desktop/Docker/website-audit/components/ui"
2025-07-22T19:52:43.658134Z  INFO scan_sources: tailwindcss_oxide::scanner: Discovering "/home/kali/Desktop/Docker/website-audit/components/ui/world-map.tsx"
2025-07-22T19:52:43.658154Z  INFO scan_sources: tailwindcss_oxide::scanner: Discovering "/home/kali/Desktop/Docker/website-audit/components/ui/form.tsx"
2025-07-22T19:52:43.658172Z  INFO scan_sources: tailwindcss_oxide::scanner: Discovering "/home/kali/Desktop/Docker/website-audit/components/ui/progress.tsx"
2025-07-22T19:52:43.658199Z  INFO scan_sources: tailwindcss_oxide::scanner: Discovering "/home/kali/Desktop/Docker/website-audit/components/ui/button.tsx"
2025-07-22T19:52:43.658218Z  INFO scan_sources: tailwindcss_oxide::scanner: Discovering "/home/kali/Desktop/Docker/website-audit/components/ui/sonner.tsx"
2025-07-22T19:52:43.658239Z  INFO scan_sources: tailwindcss_oxide::scanner: Discovering "/home/kali/Desktop/Docker/website-audit/components/ui/dropdown-menu.tsx"
2025-07-22T19:52:43.658259Z  INFO scan_sources: tailwindcss_oxide::scanner: Discovering "/home/kali/Desktop/Docker/website-audit/components/ui/tabs.tsx"
2025-07-22T19:52:43.658278Z  INFO scan_sources: tailwindcss_oxide::scanner: Discovering "/home/kali/Desktop/Docker/website-audit/components/ui/alert.tsx"
2025-07-22T19:52:43.658298Z  INFO scan_sources: tailwindcss_oxide::scanner: Discovering "/home/kali/Desktop/Docker/website-audit/components/ui/input.tsx"
2025-07-22T19:52:43.658316Z  INFO scan_sources: tailwindcss_oxide::scanner: Discovering "/home/kali/Desktop/Docker/website-audit/components/ui/card.tsx"
2025-07-22T19:52:43.658335Z  INFO scan_sources: tailwindcss_oxide::scanner: Discovering "/home/kali/Desktop/Docker/website-audit/components/ui/separator.tsx"
2025-07-22T19:52:43.658353Z  INFO scan_sources: tailwindcss_oxide::scanner: Discovering "/home/kali/Desktop/Docker/website-audit/components/ui/table.tsx"
2025-07-22T19:52:43.658372Z  INFO scan_sources: tailwindcss_oxide::scanner: Discovering "/home/kali/Desktop/Docker/website-audit/components/ui/label.tsx"
2025-07-22T19:52:43.658389Z  INFO scan_sources: tailwindcss_oxide::scanner: Discovering "/home/kali/Desktop/Docker/website-audit/components/ui/avatar.tsx"
2025-07-22T19:52:43.658407Z  INFO scan_sources: tailwindcss_oxide::scanner: Discovering "/home/kali/Desktop/Docker/website-audit/components/ui/badge.tsx"
2025-07-22T19:52:43.658423Z  INFO scan_sources: tailwindcss_oxide::scanner: Discovering "/home/kali/Desktop/Docker/website-audit/components/ui/dialog.tsx"
2025-07-22T19:52:43.658473Z  INFO scan_sources: tailwindcss_oxide::scanner: Discovering "/home/kali/Desktop/Docker/website-audit/components/home"
2025-07-22T19:52:43.658528Z  INFO scan_sources: tailwindcss_oxide::scanner: Discovering "/home/kali/Desktop/Docker/website-audit/components/home/UrlSubmissionForm.tsx"
2025-07-22T19:52:43.658544Z  INFO scan_sources: tailwindcss_oxide::scanner: Discovering "/home/kali/Desktop/Docker/website-audit/components/home/HeroSection.tsx"
2025-07-22T19:52:43.658567Z  INFO scan_sources: tailwindcss_oxide::scanner: Discovering "/home/kali/Desktop/Docker/website-audit/components/audit"
2025-07-22T19:52:43.658600Z  INFO scan_sources: tailwindcss_oxide::scanner: Discovering "/home/kali/Desktop/Docker/website-audit/components/audit/AnalysisLoader.tsx"
2025-07-22T19:52:43.658615Z  INFO scan_sources: tailwindcss_oxide::scanner: Discovering "/home/kali/Desktop/Docker/website-audit/components/audit/AuditResults.tsx"
2025-07-22T19:52:43.658639Z  INFO scan_sources: tailwindcss_oxide::scanner: Discovering "/home/kali/Desktop/Docker/website-audit/components/audit/ContentActions.tsx"
2025-07-22T19:52:43.658653Z  INFO scan_sources: tailwindcss_oxide::scanner: Discovering "/home/kali/Desktop/Docker/website-audit/components/audit/AuditCard.tsx"
2025-07-22T19:52:43.658677Z  INFO scan_sources: tailwindcss_oxide::scanner: Discovering "/home/kali/Desktop/Docker/website-audit/components/emails"
2025-07-22T19:52:43.658703Z  INFO scan_sources: tailwindcss_oxide::scanner: Discovering "/home/kali/Desktop/Docker/website-audit/components/emails/verify-email.tsx"
2025-07-22T19:52:43.658727Z  INFO scan_sources: tailwindcss_oxide::scanner: Discovering "/home/kali/Desktop/Docker/website-audit/appspec.yml"
2025-07-22T19:52:43.658773Z  INFO scan_sources: tailwindcss_oxide::scanner: Discovering "/home/kali/Desktop/Docker/website-audit/terraform"
2025-07-22T19:52:43.658808Z  INFO scan_sources: tailwindcss_oxide::scanner: Discovering "/home/kali/Desktop/Docker/website-audit/terraform/user_data.sh"
2025-07-22T19:52:43.658877Z  INFO scan_sources: tailwindcss_oxide::scanner: Discovering "/home/kali/Desktop/Docker/website-audit/terraform/main.tf"
2025-07-22T19:52:43.658946Z  INFO scan_sources: tailwindcss_oxide::scanner: Discovering "/home/kali/Desktop/Docker/website-audit/ecosystem.config.js"
2025-07-22T19:52:43.658964Z  INFO scan_sources: tailwindcss_oxide::scanner: Discovering "/home/kali/Desktop/Docker/website-audit/drizzle"
2025-07-22T19:52:43.658994Z  INFO scan_sources: tailwindcss_oxide::scanner: Discovering "/home/kali/Desktop/Docker/website-audit/drizzle/0000_closed_shard.sql"
2025-07-22T19:52:43.659018Z  INFO scan_sources: tailwindcss_oxide::scanner: Discovering "/home/kali/Desktop/Docker/website-audit/drizzle/meta"
2025-07-22T19:52:43.659058Z  INFO scan_sources: tailwindcss_oxide::scanner: Discovering "/home/kali/Desktop/Docker/website-audit/drizzle/meta/_journal.json"
2025-07-22T19:52:43.659076Z  INFO scan_sources: tailwindcss_oxide::scanner: Discovering "/home/kali/Desktop/Docker/website-audit/drizzle/meta/0002_snapshot.json"
2025-07-22T19:52:43.659090Z  INFO scan_sources: tailwindcss_oxide::scanner: Discovering "/home/kali/Desktop/Docker/website-audit/drizzle/meta/0001_snapshot.json"
2025-07-22T19:52:43.659106Z  INFO scan_sources: tailwindcss_oxide::scanner: Discovering "/home/kali/Desktop/Docker/website-audit/drizzle/meta/0000_snapshot.json"
2025-07-22T19:52:43.659121Z  INFO scan_sources: tailwindcss_oxide::scanner: Discovering "/home/kali/Desktop/Docker/website-audit/drizzle/0002_lame_karnak.sql"
2025-07-22T19:52:43.659136Z  INFO scan_sources: tailwindcss_oxide::scanner: Discovering "/home/kali/Desktop/Docker/website-audit/drizzle/0001_solid_mad_thinker.sql"
2025-07-22T19:52:43.659155Z  INFO scan_sources: tailwindcss_oxide::scanner: Discovering "/home/kali/Desktop/Docker/website-audit/db"
2025-07-22T19:52:43.659180Z  INFO scan_sources: tailwindcss_oxide::scanner: Discovering "/home/kali/Desktop/Docker/website-audit/db/index.ts"
2025-07-22T19:52:43.659197Z  INFO scan_sources: tailwindcss_oxide::scanner: Discovering "/home/kali/Desktop/Docker/website-audit/db/schema"
2025-07-22T19:52:43.659228Z  INFO scan_sources: tailwindcss_oxide::scanner: Discovering "/home/kali/Desktop/Docker/website-audit/db/schema/index.ts"
2025-07-22T19:52:43.659242Z  INFO scan_sources: tailwindcss_oxide::scanner: Discovering "/home/kali/Desktop/Docker/website-audit/db/schema/schema-define.ts"
2025-07-22T19:52:43.659254Z  INFO scan_sources: tailwindcss_oxide::scanner: Discovering "/home/kali/Desktop/Docker/website-audit/db/schema/users.ts"
2025-07-22T19:52:43.659267Z  INFO scan_sources: tailwindcss_oxide::scanner: Discovering "/home/kali/Desktop/Docker/website-audit/db/schema/audits.ts"
2025-07-22T19:52:43.659288Z  INFO scan_sources: tailwindcss_oxide::scanner: Discovering "/home/kali/Desktop/Docker/website-audit/actions"
2025-07-22T19:52:43.659312Z  INFO scan_sources: tailwindcss_oxide::scanner: Discovering "/home/kali/Desktop/Docker/website-audit/actions/generateContent.ts"
2025-07-22T19:52:43.659324Z  INFO scan_sources: tailwindcss_oxide::scanner: Discovering "/home/kali/Desktop/Docker/website-audit/actions/crawl.ts"
2025-07-22T19:52:43.659337Z  INFO scan_sources: tailwindcss_oxide::scanner: Discovering "/home/kali/Desktop/Docker/website-audit/actions/auditActions.ts"
2025-07-22T19:52:43.659350Z  INFO scan_sources: tailwindcss_oxide::scanner: Discovering "/home/kali/Desktop/Docker/website-audit/actions/userActions.ts"
2025-07-22T19:52:43.659370Z  INFO scan_sources: tailwindcss_oxide::scanner: Discovering "/home/kali/Desktop/Docker/website-audit/scripts"
2025-07-22T19:52:43.659393Z  INFO scan_sources: tailwindcss_oxide::scanner: Discovering "/home/kali/Desktop/Docker/website-audit/scripts/deploy.sh"
2025-07-22T19:52:43.659406Z  INFO scan_sources: tailwindcss_oxide::scanner: Discovering "/home/kali/Desktop/Docker/website-audit/scripts/deploy_old.sh"
2025-07-22T19:52:43.659421Z  INFO scan_sources: tailwindcss_oxide::scanner: Discovering "/home/kali/Desktop/Docker/website-audit/appspec_old.yml"
2025-07-22T19:52:43.659466Z  INFO scan_sources: tailwindcss_oxide::scanner: Discovering "/home/kali/Desktop/Docker/website-audit/components.json"
2025-07-22T19:52:43.659497Z  INFO scan_sources: tailwindcss_oxide::scanner: Discovering "/home/kali/Desktop/Docker/website-audit/postcss.config.mjs"
2025-07-22T19:52:43.659576Z  INFO scan_sources: tailwindcss_oxide::scanner: exit
2025-07-22T19:52:43.659584Z  INFO extract_candidates: tailwindcss_oxide::scanner: enter
2025-07-22T19:52:43.659605Z  INFO extract_candidates:read_all_files: tailwindcss_oxide::scanner: enter
2025-07-22T19:52:43.659609Z  INFO extract_candidates:read_all_files: tailwindcss_oxide::scanner: Reading 82 file(s)
2025-07-22T19:52:43.660539Z  INFO tailwindcss_oxide::scanner: Reading "/home/kali/Desktop/Docker/website-audit/package.json"
2025-07-22T19:52:43.660807Z  INFO tailwindcss_oxide::scanner: Reading "/home/kali/Desktop/Docker/website-audit/drizzle.config.ts"
2025-07-22T19:52:43.661083Z  INFO tailwindcss_oxide::scanner: Reading "/home/kali/Desktop/Docker/website-audit/lib/auth/getSession.ts"
2025-07-22T19:52:43.661317Z  INFO tailwindcss_oxide::scanner: Reading "/home/kali/Desktop/Docker/website-audit/lib/auth/auth-client.ts"
2025-07-22T19:52:43.661330Z  INFO tailwindcss_oxide::scanner: Reading "/home/kali/Desktop/Docker/website-audit/lib/auth/auth.ts"
2025-07-22T19:52:43.661340Z  INFO tailwindcss_oxide::scanner: Reading "/home/kali/Desktop/Docker/website-audit/lib/cleanMarkdown.ts"
2025-07-22T19:52:43.661348Z  INFO tailwindcss_oxide::scanner: Reading "/home/kali/Desktop/Docker/website-audit/lib/utils.ts"
2025-07-22T19:52:43.661359Z  INFO tailwindcss_oxide::scanner: Reading "/home/kali/Desktop/Docker/website-audit/lib/prompts.ts"
2025-07-22T19:52:43.661369Z  INFO tailwindcss_oxide::scanner: Reading "/home/kali/Desktop/Docker/website-audit/lib/generatePdf.ts"
2025-07-22T19:52:43.661376Z  INFO tailwindcss_oxide::scanner: Reading "/home/kali/Desktop/Docker/website-audit/next.config.ts"
2025-07-22T19:52:43.661386Z  INFO tailwindcss_oxide::scanner: Reading "/home/kali/Desktop/Docker/website-audit/README.md"
2025-07-22T19:52:43.661402Z  INFO tailwindcss_oxide::scanner: Reading "/home/kali/Desktop/Docker/website-audit/app/not-found.tsx"
2025-07-22T19:52:43.661411Z  INFO tailwindcss_oxide::scanner: Reading "/home/kali/Desktop/Docker/website-audit/app/loading.tsx"
2025-07-22T19:52:43.661419Z  INFO tailwindcss_oxide::scanner: Reading "/home/kali/Desktop/Docker/website-audit/app/layout.tsx"
2025-07-22T19:52:43.661429Z  INFO tailwindcss_oxide::scanner: Reading "/home/kali/Desktop/Docker/website-audit/app/audit/loading.tsx"
2025-07-22T19:52:43.661438Z  INFO tailwindcss_oxide::scanner: Reading "/home/kali/Desktop/Docker/website-audit/app/audit/[auditId]/loading.tsx"
2025-07-22T19:52:43.661447Z  INFO tailwindcss_oxide::scanner: Reading "/home/kali/Desktop/Docker/website-audit/app/audit/[auditId]/page.tsx"
2025-07-22T19:52:43.661455Z  INFO tailwindcss_oxide::scanner: Reading "/home/kali/Desktop/Docker/website-audit/app/audit/page.tsx"
2025-07-22T19:52:43.661465Z  INFO tailwindcss_oxide::scanner: Reading "/home/kali/Desktop/Docker/website-audit/app/api/auth/[...better-auth]/route.ts"
2025-07-22T19:52:43.661475Z  INFO tailwindcss_oxide::scanner: Reading "/home/kali/Desktop/Docker/website-audit/app/api/send-email/route.ts"
2025-07-22T19:52:43.661486Z  INFO tailwindcss_oxide::scanner: Reading "/home/kali/Desktop/Docker/website-audit/drizzle/0000_closed_shard.sql"
2025-07-22T19:52:43.661497Z  INFO tailwindcss_oxide::scanner: Reading "/home/kali/Desktop/Docker/website-audit/drizzle/meta/_journal.json"
2025-07-22T19:52:43.661508Z  INFO tailwindcss_oxide::scanner: Reading "/home/kali/Desktop/Docker/website-audit/drizzle/meta/0002_snapshot.json"
2025-07-22T19:52:43.661539Z  INFO tailwindcss_oxide::scanner: Reading "/home/kali/Desktop/Docker/website-audit/drizzle/meta/0001_snapshot.json"
2025-07-22T19:52:43.661566Z  INFO tailwindcss_oxide::scanner: Reading "/home/kali/Desktop/Docker/website-audit/drizzle/meta/0000_snapshot.json"
2025-07-22T19:52:43.661592Z  INFO tailwindcss_oxide::scanner: Reading "/home/kali/Desktop/Docker/website-audit/drizzle/0002_lame_karnak.sql"
2025-07-22T19:52:43.661600Z  INFO tailwindcss_oxide::scanner: Reading "/home/kali/Desktop/Docker/website-audit/drizzle/0001_solid_mad_thinker.sql"
2025-07-22T19:52:43.661609Z  INFO tailwindcss_oxide::scanner: Reading "/home/kali/Desktop/Docker/website-audit/db/index.ts"
2025-07-22T19:52:43.661618Z  INFO tailwindcss_oxide::scanner: Reading "/home/kali/Desktop/Docker/website-audit/db/schema/index.ts"
2025-07-22T19:52:43.661626Z  INFO tailwindcss_oxide::scanner: Reading "/home/kali/Desktop/Docker/website-audit/db/schema/schema-define.ts"
2025-07-22T19:52:43.661634Z  INFO tailwindcss_oxide::scanner: Reading "/home/kali/Desktop/Docker/website-audit/db/schema/users.ts"
2025-07-22T19:52:43.661642Z  INFO tailwindcss_oxide::scanner: Reading "/home/kali/Desktop/Docker/website-audit/db/schema/audits.ts"
2025-07-22T19:52:43.661652Z  INFO tailwindcss_oxide::scanner: Reading "/home/kali/Desktop/Docker/website-audit/actions/generateContent.ts"
2025-07-22T19:52:43.661660Z  INFO tailwindcss_oxide::scanner: Reading "/home/kali/Desktop/Docker/website-audit/actions/crawl.ts"
2025-07-22T19:52:43.661668Z  INFO tailwindcss_oxide::scanner: Reading "/home/kali/Desktop/Docker/website-audit/actions/auditActions.ts"
2025-07-22T19:52:43.661677Z  INFO tailwindcss_oxide::scanner: Reading "/home/kali/Desktop/Docker/website-audit/actions/userActions.ts"
2025-07-22T19:52:43.661685Z  INFO tailwindcss_oxide::scanner: Reading "/home/kali/Desktop/Docker/website-audit/scripts/deploy.sh"
2025-07-22T19:52:43.661693Z  INFO tailwindcss_oxide::scanner: Reading "/home/kali/Desktop/Docker/website-audit/scripts/deploy_old.sh"
2025-07-22T19:52:43.661701Z  INFO tailwindcss_oxide::scanner: Reading "/home/kali/Desktop/Docker/website-audit/appspec_old.yml"
2025-07-22T19:52:43.661709Z  INFO tailwindcss_oxide::scanner: Reading "/home/kali/Desktop/Docker/website-audit/components.json"
2025-07-22T19:52:43.661719Z  INFO tailwindcss_oxide::scanner: Reading "/home/kali/Desktop/Docker/website-audit/postcss.config.mjs"
2025-07-22T19:52:43.661730Z  INFO tailwindcss_oxide::scanner: Reading "/home/kali/Desktop/Docker/website-audit/components/auth/SignInForm.tsx"
2025-07-22T19:52:43.661743Z  INFO tailwindcss_oxide::scanner: Reading "/home/kali/Desktop/Docker/website-audit/components/auth/AuthModal.tsx"
2025-07-22T19:52:43.661752Z  INFO tailwindcss_oxide::scanner: Reading "/home/kali/Desktop/Docker/website-audit/components/auth/SignUpForm.tsx"
2025-07-22T19:52:43.661760Z  INFO tailwindcss_oxide::scanner: Reading "/home/kali/Desktop/Docker/website-audit/components/Loading.tsx"
2025-07-22T19:52:43.661769Z  INFO tailwindcss_oxide::scanner: Reading "/home/kali/Desktop/Docker/website-audit/components/layout/AuthButtons.tsx"
2025-07-22T19:52:43.661779Z  INFO tailwindcss_oxide::scanner: Reading "/home/kali/Desktop/Docker/website-audit/components/ui/form.tsx"
2025-07-22T19:52:43.661788Z  INFO tailwindcss_oxide::scanner: Reading "/home/kali/Desktop/Docker/website-audit/components/ui/progress.tsx"
2025-07-22T19:52:43.661797Z  INFO tailwindcss_oxide::scanner: Reading "/home/kali/Desktop/Docker/website-audit/components/ui/button.tsx"
2025-07-22T19:52:43.661806Z  INFO tailwindcss_oxide::scanner: Reading "/home/kali/Desktop/Docker/website-audit/components/ui/sonner.tsx"
2025-07-22T19:52:43.661815Z  INFO tailwindcss_oxide::scanner: Reading "/home/kali/Desktop/Docker/website-audit/components/ui/dropdown-menu.tsx"
2025-07-22T19:52:43.661824Z  INFO tailwindcss_oxide::scanner: Reading "/home/kali/Desktop/Docker/website-audit/components/ui/tabs.tsx"
2025-07-22T19:52:43.661834Z  INFO tailwindcss_oxide::scanner: Reading "/home/kali/Desktop/Docker/website-audit/components/home/HeroSection.tsx"
2025-07-22T19:52:43.661844Z  INFO tailwindcss_oxide::scanner: Reading "/home/kali/Desktop/Docker/website-audit/components/audit/AnalysisLoader.tsx"
2025-07-22T19:52:43.661855Z  INFO tailwindcss_oxide::scanner: Reading "/home/kali/Desktop/Docker/website-audit/components/audit/AuditResults.tsx"
2025-07-22T19:52:43.661864Z  INFO tailwindcss_oxide::scanner: Reading "/home/kali/Desktop/Docker/website-audit/components/audit/ContentActions.tsx"
2025-07-22T19:52:43.661873Z  INFO tailwindcss_oxide::scanner: Reading "/home/kali/Desktop/Docker/website-audit/components/audit/AuditCard.tsx"
2025-07-22T19:52:43.661883Z  INFO tailwindcss_oxide::scanner: Reading "/home/kali/Desktop/Docker/website-audit/components/emails/verify-email.tsx"
2025-07-22T19:52:43.661892Z  INFO tailwindcss_oxide::scanner: Reading "/home/kali/Desktop/Docker/website-audit/appspec.yml"
2025-07-22T19:52:43.661901Z  INFO tailwindcss_oxide::scanner: Reading "/home/kali/Desktop/Docker/website-audit/terraform/user_data.sh"
2025-07-22T19:52:43.661911Z  INFO tailwindcss_oxide::scanner: Reading "/home/kali/Desktop/Docker/website-audit/terraform/main.tf"
2025-07-22T19:52:43.661919Z  INFO tailwindcss_oxide::scanner: Reading "/home/kali/Desktop/Docker/website-audit/ecosystem.config.js"
2025-07-22T19:52:43.661928Z  INFO tailwindcss_oxide::scanner: Reading "/home/kali/Desktop/Docker/website-audit/components/ui/label.tsx"
2025-07-22T19:52:43.661937Z  INFO tailwindcss_oxide::scanner: Reading "/home/kali/Desktop/Docker/website-audit/components/ui/avatar.tsx"
2025-07-22T19:52:43.661945Z  INFO tailwindcss_oxide::scanner: Reading "/home/kali/Desktop/Docker/website-audit/components/ui/badge.tsx"
2025-07-22T19:52:43.661953Z  INFO tailwindcss_oxide::scanner: Reading "/home/kali/Desktop/Docker/website-audit/components/ui/dialog.tsx"
2025-07-22T19:52:43.661962Z  INFO tailwindcss_oxide::scanner: Reading "/home/kali/Desktop/Docker/website-audit/components/home/UrlSubmissionForm.tsx"
2025-07-22T19:52:43.661971Z  INFO tailwindcss_oxide::scanner: Reading "/home/kali/Desktop/Docker/website-audit/components/layout/AuditProgress.tsx"
2025-07-22T19:52:43.661981Z  INFO tailwindcss_oxide::scanner: Reading "/home/kali/Desktop/Docker/website-audit/components/layout/ConfigTrayClient.tsx"
2025-07-22T19:52:43.662003Z  INFO tailwindcss_oxide::scanner: Reading "/home/kali/Desktop/Docker/website-audit/components/ui/world-map.tsx"
2025-07-22T19:52:43.662015Z  INFO tailwindcss_oxide::scanner: Reading "/home/kali/Desktop/Docker/website-audit/components/ui/card.tsx"
2025-07-22T19:52:43.662026Z  INFO tailwindcss_oxide::scanner: Reading "/home/kali/Desktop/Docker/website-audit/components/ui/separator.tsx"
2025-07-22T19:52:43.662035Z  INFO tailwindcss_oxide::scanner: Reading "/home/kali/Desktop/Docker/website-audit/components/ui/table.tsx"
2025-07-22T19:52:43.662047Z  INFO tailwindcss_oxide::scanner: Reading "/home/kali/Desktop/Docker/website-audit/components/layout/UserMenu.tsx"
2025-07-22T19:52:43.662056Z  INFO tailwindcss_oxide::scanner: Reading "/home/kali/Desktop/Docker/website-audit/public/vercel.svg"
2025-07-22T19:52:43.662064Z  INFO tailwindcss_oxide::scanner: Reading "/home/kali/Desktop/Docker/website-audit/public/next.svg"
2025-07-22T19:52:43.662073Z  INFO tailwindcss_oxide::scanner: Reading "/home/kali/Desktop/Docker/website-audit/config/site.ts"
2025-07-22T19:52:43.662082Z  INFO tailwindcss_oxide::scanner: Reading "/home/kali/Desktop/Docker/website-audit/tsconfig.json"
2025-07-22T19:52:43.660771Z  INFO tailwindcss_oxide::scanner: Reading "/home/kali/Desktop/Docker/website-audit/components/layout/ConfigTray.tsx"
2025-07-22T19:52:43.660642Z  INFO tailwindcss_oxide::scanner: Reading "/home/kali/Desktop/Docker/website-audit/components/ui/alert.tsx"
2025-07-22T19:52:43.662212Z  INFO tailwindcss_oxide::scanner: Reading "/home/kali/Desktop/Docker/website-audit/components/ui/input.tsx"
2025-07-22T19:52:43.660695Z  INFO tailwindcss_oxide::scanner: Reading "/home/kali/Desktop/Docker/website-audit/app/page.tsx"
2025-07-22T19:52:43.663710Z  INFO extract_candidates:read_all_files: tailwindcss_oxide::scanner: exit
2025-07-22T19:52:43.663888Z  INFO extract_candidates:parse_all_blobs: tailwindcss_oxide::scanner: enter
2025-07-22T19:52:43.664042Z  INFO extract_candidates:parse_all_blobs:extract: tailwindcss_oxide::scanner: enter
2025-07-22T19:52:43.673094Z  INFO extract_candidates:parse_all_blobs:extract: tailwindcss_oxide::scanner: exit
2025-07-22T19:52:43.673726Z  INFO extract_candidates:parse_all_blobs: tailwindcss_oxide::scanner: exit
2025-07-22T19:52:43.673943Z  INFO extract_candidates:read_all_files: tailwindcss_oxide::scanner: enter
2025-07-22T19:52:43.674474Z  INFO extract_candidates:read_all_files: tailwindcss_oxide::scanner: Reading 2 file(s)
2025-07-22T19:52:43.674569Z  INFO tailwindcss_oxide::scanner: Reading "/home/kali/Desktop/Docker/website-audit/app/globals.css"
2025-07-22T19:52:43.674584Z  INFO tailwindcss_oxide::scanner: Reading "/home/kali/Desktop/Docker/website-audit/app/markdown.css"
2025-07-22T19:52:43.674868Z  INFO extract_candidates:read_all_files: tailwindcss_oxide::scanner: exit
2025-07-22T19:52:43.674883Z  INFO extract_candidates:extract_css_variables: tailwindcss_oxide::scanner: enter
2025-07-22T19:52:43.674888Z  INFO extract_candidates:extract_css_variables:extract: tailwindcss_oxide::scanner: enter
2025-07-22T19:52:43.675201Z  INFO extract_candidates:extract_css_variables:extract: tailwindcss_oxide::scanner: exit
2025-07-22T19:52:43.675343Z  INFO extract_candidates:extract_css_variables: tailwindcss_oxide::scanner: exit
2025-07-22T19:52:43.677374Z  INFO extract_candidates: tailwindcss_oxide::scanner: exit
2025-07-22T19:52:43.678485Z  INFO get_files: tailwindcss_oxide::scanner: enter
2025-07-22T19:52:43.678610Z  INFO get_files:scan_sources: tailwindcss_oxide::scanner: enter
2025-07-22T19:52:43.679783Z  INFO get_files:scan_sources: tailwindcss_oxide::scanner: Discovering "/home/kali/Desktop/Docker/website-audit/lib"
2025-07-22T19:52:43.679987Z  INFO get_files:scan_sources: tailwindcss_oxide::scanner: Discovering "/home/kali/Desktop/Docker/website-audit/lib/auth"
2025-07-22T19:52:43.680335Z  INFO get_files:scan_sources: tailwindcss_oxide::scanner: Discovering "/home/kali/Desktop/Docker/website-audit/app"
2025-07-22T19:52:43.680528Z  INFO get_files:scan_sources: tailwindcss_oxide::scanner: Discovering "/home/kali/Desktop/Docker/website-audit/app/audit"
2025-07-22T19:52:43.680674Z  INFO get_files:scan_sources: tailwindcss_oxide::scanner: Discovering "/home/kali/Desktop/Docker/website-audit/app/audit/[auditId]"
2025-07-22T19:52:43.680849Z  INFO get_files:scan_sources: tailwindcss_oxide::scanner: Discovering "/home/kali/Desktop/Docker/website-audit/app/api"
2025-07-22T19:52:43.680975Z  INFO get_files:scan_sources: tailwindcss_oxide::scanner: Discovering "/home/kali/Desktop/Docker/website-audit/app/api/auth"
2025-07-22T19:52:43.681122Z  INFO get_files:scan_sources: tailwindcss_oxide::scanner: Discovering "/home/kali/Desktop/Docker/website-audit/app/api/auth/[...better-auth]"
2025-07-22T19:52:43.681293Z  INFO get_files:scan_sources: tailwindcss_oxide::scanner: Discovering "/home/kali/Desktop/Docker/website-audit/app/api/send-email"
2025-07-22T19:52:43.681668Z  INFO get_files:scan_sources: tailwindcss_oxide::scanner: Discovering "/home/kali/Desktop/Docker/website-audit/public"
2025-07-22T19:52:43.683669Z  INFO get_files:scan_sources: tailwindcss_oxide::scanner: Discovering "/home/kali/Desktop/Docker/website-audit/config"
2025-07-22T19:52:43.683945Z  INFO get_files:scan_sources: tailwindcss_oxide::scanner: Discovering "/home/kali/Desktop/Docker/website-audit/components"
2025-07-22T19:52:43.683978Z  INFO get_files:scan_sources: tailwindcss_oxide::scanner: Discovering "/home/kali/Desktop/Docker/website-audit/components/auth"
2025-07-22T19:52:43.684047Z  INFO get_files:scan_sources: tailwindcss_oxide::scanner: Discovering "/home/kali/Desktop/Docker/website-audit/components/layout"
2025-07-22T19:52:43.684664Z  INFO get_files:scan_sources: tailwindcss_oxide::scanner: Discovering "/home/kali/Desktop/Docker/website-audit/components/ui"
2025-07-22T19:52:43.685066Z  INFO get_files:scan_sources: tailwindcss_oxide::scanner: Discovering "/home/kali/Desktop/Docker/website-audit/components/home"
2025-07-22T19:52:43.685269Z  INFO get_files:scan_sources: tailwindcss_oxide::scanner: Discovering "/home/kali/Desktop/Docker/website-audit/components/audit"
2025-07-22T19:52:43.685327Z  INFO get_files:scan_sources: tailwindcss_oxide::scanner: Discovering "/home/kali/Desktop/Docker/website-audit/components/emails"
2025-07-22T19:52:43.685393Z  INFO get_files:scan_sources: tailwindcss_oxide::scanner: Discovering "/home/kali/Desktop/Docker/website-audit/terraform"
2025-07-22T19:52:43.685534Z  INFO get_files:scan_sources: tailwindcss_oxide::scanner: Discovering "/home/kali/Desktop/Docker/website-audit/drizzle"
2025-07-22T19:52:43.685570Z  INFO get_files:scan_sources: tailwindcss_oxide::scanner: Discovering "/home/kali/Desktop/Docker/website-audit/drizzle/meta"
2025-07-22T19:52:43.685648Z  INFO get_files:scan_sources: tailwindcss_oxide::scanner: Discovering "/home/kali/Desktop/Docker/website-audit/db"
2025-07-22T19:52:43.685680Z  INFO get_files:scan_sources: tailwindcss_oxide::scanner: Discovering "/home/kali/Desktop/Docker/website-audit/db/schema"
2025-07-22T19:52:43.685729Z  INFO get_files:scan_sources: tailwindcss_oxide::scanner: Discovering "/home/kali/Desktop/Docker/website-audit/actions"
2025-07-22T19:52:43.685776Z  INFO get_files:scan_sources: tailwindcss_oxide::scanner: Discovering "/home/kali/Desktop/Docker/website-audit/scripts"
2025-07-22T19:52:43.686491Z  INFO get_files:scan_sources: tailwindcss_oxide::scanner: exit
2025-07-22T19:52:43.688380Z  INFO get_files: tailwindcss_oxide::scanner: exit
2025-07-22T19:52:43.690024Z  INFO get_globs: tailwindcss_oxide::scanner: enter
2025-07-22T19:52:43.690250Z  INFO get_globs:scan_sources: tailwindcss_oxide::scanner: enter
2025-07-22T19:52:43.691231Z  INFO get_globs:scan_sources: tailwindcss_oxide::scanner: Discovering "/home/kali/Desktop/Docker/website-audit/lib"
2025-07-22T19:52:43.691524Z  INFO get_globs:scan_sources: tailwindcss_oxide::scanner: Discovering "/home/kali/Desktop/Docker/website-audit/lib/auth"
2025-07-22T19:52:43.692115Z  INFO get_globs:scan_sources: tailwindcss_oxide::scanner: Discovering "/home/kali/Desktop/Docker/website-audit/app"
2025-07-22T19:52:43.692380Z  INFO get_globs:scan_sources: tailwindcss_oxide::scanner: Discovering "/home/kali/Desktop/Docker/website-audit/app/audit"
2025-07-22T19:52:43.692501Z  INFO get_globs:scan_sources: tailwindcss_oxide::scanner: Discovering "/home/kali/Desktop/Docker/website-audit/app/audit/[auditId]"
2025-07-22T19:52:43.692930Z  INFO get_globs:scan_sources: tailwindcss_oxide::scanner: Discovering "/home/kali/Desktop/Docker/website-audit/app/api"
2025-07-22T19:52:43.693183Z  INFO get_globs:scan_sources: tailwindcss_oxide::scanner: Discovering "/home/kali/Desktop/Docker/website-audit/app/api/auth"
2025-07-22T19:52:43.693377Z  INFO get_globs:scan_sources: tailwindcss_oxide::scanner: Discovering "/home/kali/Desktop/Docker/website-audit/app/api/auth/[...better-auth]"
2025-07-22T19:52:43.693446Z  INFO get_globs:scan_sources: tailwindcss_oxide::scanner: Discovering "/home/kali/Desktop/Docker/website-audit/app/api/send-email"
2025-07-22T19:52:43.693888Z  INFO get_globs:scan_sources: tailwindcss_oxide::scanner: Discovering "/home/kali/Desktop/Docker/website-audit/public"
2025-07-22T19:52:43.694228Z  INFO get_globs:scan_sources: tailwindcss_oxide::scanner: Discovering "/home/kali/Desktop/Docker/website-audit/config"
2025-07-22T19:52:43.694292Z  INFO get_globs:scan_sources: tailwindcss_oxide::scanner: Discovering "/home/kali/Desktop/Docker/website-audit/components"
2025-07-22T19:52:43.694335Z  INFO get_globs:scan_sources: tailwindcss_oxide::scanner: Discovering "/home/kali/Desktop/Docker/website-audit/components/auth"
2025-07-22T19:52:43.694696Z  INFO get_globs:scan_sources: tailwindcss_oxide::scanner: Discovering "/home/kali/Desktop/Docker/website-audit/components/layout"
2025-07-22T19:52:43.694812Z  INFO get_globs:scan_sources: tailwindcss_oxide::scanner: Discovering "/home/kali/Desktop/Docker/website-audit/components/ui"
2025-07-22T19:52:43.695001Z  INFO get_globs:scan_sources: tailwindcss_oxide::scanner: Discovering "/home/kali/Desktop/Docker/website-audit/components/home"
2025-07-22T19:52:43.695053Z  INFO get_globs:scan_sources: tailwindcss_oxide::scanner: Discovering "/home/kali/Desktop/Docker/website-audit/components/audit"
2025-07-22T19:52:43.695123Z  INFO get_globs:scan_sources: tailwindcss_oxide::scanner: Discovering "/home/kali/Desktop/Docker/website-audit/components/emails"
2025-07-22T19:52:43.695205Z  INFO get_globs:scan_sources: tailwindcss_oxide::scanner: Discovering "/home/kali/Desktop/Docker/website-audit/terraform"
2025-07-22T19:52:43.695379Z  INFO get_globs:scan_sources: tailwindcss_oxide::scanner: Discovering "/home/kali/Desktop/Docker/website-audit/drizzle"
2025-07-22T19:52:43.695431Z  INFO get_globs:scan_sources: tailwindcss_oxide::scanner: Discovering "/home/kali/Desktop/Docker/website-audit/drizzle/meta"
2025-07-22T19:52:43.695527Z  INFO get_globs:scan_sources: tailwindcss_oxide::scanner: Discovering "/home/kali/Desktop/Docker/website-audit/db"
2025-07-22T19:52:43.695565Z  INFO get_globs:scan_sources: tailwindcss_oxide::scanner: Discovering "/home/kali/Desktop/Docker/website-audit/db/schema"
2025-07-22T19:52:43.695628Z  INFO get_globs:scan_sources: tailwindcss_oxide::scanner: Discovering "/home/kali/Desktop/Docker/website-audit/actions"
2025-07-22T19:52:43.695694Z  INFO get_globs:scan_sources: tailwindcss_oxide::scanner: Discovering "/home/kali/Desktop/Docker/website-audit/scripts"
2025-07-22T19:52:43.695873Z  INFO get_globs:scan_sources: tailwindcss_oxide::scanner: exit
2025-07-22T19:52:43.702759Z  INFO get_globs: tailwindcss_oxide::scanner: exit
